Copyright 1986-2022 Xilinx, Inc. All Rights Reserved. Copyright 2022-2023 Advanced Micro Devices, Inc. All Rights Reserved.
--------------------------------------------------------------------------------------------------------------------------------------------------------------------------------------------------------------
| Tool Version : Vivado v.2023.2 (lin64) Build 4029153 Fri Oct 13 20:13:54 MDT 2023
| Date         : Sun Apr  5 16:02:23 2026
| Host         : AlbertsUbuntu running 64-bit Ubuntu 22.04.5 LTS
| Command      : report_methodology -file PRE_TRIGGER_UTIL_WRAPPER_methodology_drc_routed.rpt -pb PRE_TRIGGER_UTIL_WRAPPER_methodology_drc_routed.pb -rpx PRE_TRIGGER_UTIL_WRAPPER_methodology_drc_routed.rpx
| Design       : PRE_TRIGGER_UTIL_WRAPPER
| Device       : xcku5p-ffvb676-2-e
| Speed File   : -2
| Design State : Fully Routed
--------------------------------------------------------------------------------------------------------------------------------------------------------------------------------------------------------------

Report Methodology

Table of Contents
-----------------
1. REPORT SUMMARY
2. REPORT DETAILS

1. REPORT SUMMARY
-----------------
            Netlist: netlist
          Floorplan: design_1
      Design limits: <entire design considered>
             Max violations: <unlimited>
             Violations found: 14
+-----------+----------+-------------------------------+------------+
| Rule      | Severity | Description                   | Violations |
+-----------+----------+-------------------------------+------------+
| TIMING-18 | Warning  | Missing input or output delay | 14         |
+-----------+----------+-------------------------------+------------+

2. REPORT DETAILS
-----------------
TIMING-18#1 Warning
Missing input or output delay  
An input delay is missing on rst_i relative to the rising and/or falling clock edge(s) of clk_i.
Related violations: <none>

TIMING-18#2 Warning
Missing input or output delay  
An input delay is missing on seed_data_i[0] relative to the rising and/or falling clock edge(s) of clk_i.
Related violations: <none>

TIMING-18#3 Warning
Missing input or output delay  
An input delay is missing on seed_data_i[10] relative to the rising and/or falling clock edge(s) of clk_i.
Related violations: <none>

TIMING-18#4 Warning
Missing input or output delay  
An input delay is missing on seed_data_i[11] relative to the rising and/or falling clock edge(s) of clk_i.
Related violations: <none>

TIMING-18#5 Warning
Missing input or output delay  
An input delay is missing on seed_data_i[1] relative to the rising and/or falling clock edge(s) of clk_i.
Related violations: <none>

TIMING-18#6 Warning
Missing input or output delay  
An input delay is missing on seed_data_i[2] relative to the rising and/or falling clock edge(s) of clk_i.
Related violations: <none>

TIMING-18#7 Warning
Missing input or output delay  
An input delay is missing on seed_data_i[3] relative to the rising and/or falling clock edge(s) of clk_i.
Related violations: <none>

TIMING-18#8 Warning
Missing input or output delay  
An input delay is missing on seed_data_i[4] relative to the rising and/or falling clock edge(s) of clk_i.
Related violations: <none>

TIMING-18#9 Warning
Missing input or output delay  
An input delay is missing on seed_data_i[5] relative to the rising and/or falling clock edge(s) of clk_i.
Related violations: <none>

TIMING-18#10 Warning
Missing input or output delay  
An input delay is missing on seed_data_i[6] relative to the rising and/or falling clock edge(s) of clk_i.
Related violations: <none>

TIMING-18#11 Warning
Missing input or output delay  
An input delay is missing on seed_data_i[7] relative to the rising and/or falling clock edge(s) of clk_i.
Related violations: <none>

TIMING-18#12 Warning
Missing input or output delay  
An input delay is missing on seed_data_i[8] relative to the rising and/or falling clock edge(s) of clk_i.
Related violations: <none>

TIMING-18#13 Warning
Missing input or output delay  
An input delay is missing on seed_data_i[9] relative to the rising and/or falling clock edge(s) of clk_i.
Related violations: <none>

TIMING-18#14 Warning
Missing input or output delay  
An output delay is missing on trig_out_o relative to the rising and/or falling clock edge(s) of clk_i.
Related violations: <none>


