Copyright 1986-2022 Xilinx, Inc. All Rights Reserved. Copyright 2022-2023 Advanced Micro Devices, Inc. All Rights Reserved.
---------------------------------------------------------------------------------------------------------------------------------------------
| Tool Version : Vivado v.2023.2 (lin64) Build 4029153 Fri Oct 13 20:13:54 MDT 2023
| Date         : Sun Apr  5 16:02:15 2026
| Host         : AlbertsUbuntu running 64-bit Ubuntu 22.04.5 LTS
| Command      : report_control_sets -verbose -file PRE_TRIGGER_UTIL_WRAPPER_control_sets_placed.rpt
| Design       : PRE_TRIGGER_UTIL_WRAPPER
| Device       : xcku5p
---------------------------------------------------------------------------------------------------------------------------------------------

Control Set Information

Table of Contents
-----------------
1. Summary
2. Histogram
3. Flip-Flop Distribution
4. Detailed Control Set Information

1. Summary
----------

+----------------------------------------------------------+-------+
|                          Status                          | Count |
+----------------------------------------------------------+-------+
| Total control sets                                       |     4 |
|    Minimum number of control sets                        |     4 |
|    Addition due to synthesis replication                 |     0 |
|    Addition due to physical synthesis replication        |     0 |
| Unused register locations in slices containing registers |     4 |
+----------------------------------------------------------+-------+
* Control sets can be merged at opt_design using control_set_merge or merge_equivalent_drivers
** Run report_qor_suggestions for automated merging and remapping suggestions


2. Histogram
------------

+--------------------+-------+
|       Fanout       | Count |
+--------------------+-------+
| Total control sets |     4 |
| >= 0 to < 4        |     1 |
| >= 4 to < 6        |     0 |
| >= 6 to < 8        |     0 |
| >= 8 to < 10       |     0 |
| >= 10 to < 12      |     0 |
| >= 12 to < 14      |     1 |
| >= 14 to < 16      |     0 |
| >= 16              |     2 |
+--------------------+-------+
* Control sets can be remapped at either synth_design or opt_design


3. Flip-Flop Distribution
-------------------------

+--------------+-----------------------+------------------------+-----------------+--------------+
| Clock Enable | Synchronous Set/Reset | Asynchronous Set/Reset | Total Registers | Total Slices |
+--------------+-----------------------+------------------------+-----------------+--------------+
| No           | No                    | No                     |               2 |            2 |
| No           | No                    | Yes                    |             193 |           63 |
| No           | Yes                   | No                     |              31 |           15 |
| Yes          | No                    | No                     |               0 |            0 |
| Yes          | No                    | Yes                    |              30 |           17 |
| Yes          | Yes                   | No                     |               0 |            0 |
+--------------+-----------------------+------------------------+-----------------+--------------+


4. Detailed Control Set Information
-----------------------------------

+------------------+----------------+-------------------+------------------+----------------+--------------+
|   Clock Signal   |  Enable Signal |  Set/Reset Signal | Slice Load Count | Bel Load Count | Bels / Slice |
+------------------+----------------+-------------------+------------------+----------------+--------------+
|  clk_i_IBUF_BUFG |                |                   |                2 |              2 |         1.00 |
|  clk_i_IBUF_BUFG | DUT/data_str_d | rst_i_IBUF_inst/O |                8 |             12 |         1.50 |
|  clk_i_IBUF_BUFG | sig_data_str   | rst_i_IBUF_inst/O |                9 |             18 |         2.00 |
|  clk_i_IBUF_BUFG |                | rst_i_IBUF_inst/O |               76 |            224 |         2.95 |
+------------------+----------------+-------------------+------------------+----------------+--------------+


